  UI_MainScreen.cpp
C:\Users\HP\source\repos\ConsoleApplication1\UI_MainScreen\clsString.h(43,25): warning C4267: 'return': conversion from 'size_t' to 'short', possible loss of data
C:\Users\HP\source\repos\ConsoleApplication1\UI_MainScreen\clsString.h(48,29): warning C4267: 'return': conversion from 'size_t' to 'short', possible loss of data
C:\Users\HP\source\repos\ConsoleApplication1\UI_MainScreen\clsString.h(60,30): warning C4267: '=': conversion from 'size_t' to 'short', possible loss of data
C:\Users\HP\source\repos\ConsoleApplication1\UI_MainScreen\clsString.h(197,29): warning C4267: 'return': conversion from 'size_t' to 'short', possible loss of data
C:\Users\HP\source\repos\ConsoleApplication1\UI_MainScreen\clsString.h(328,30): warning C4267: '=': conversion from 'size_t' to 'short', possible loss of data
C:\Users\HP\source\repos\ConsoleApplication1\UI_MainScreen\clsString.h(376,22): warning C4267: 'initializing': conversion from 'size_t' to 'short', possible loss of data
C:\Users\HP\source\repos\ConsoleApplication1\UI_MainScreen\clsUtil.h(66,5): warning C4102: 'defualt': unreferenced label
C:\Users\HP\source\repos\ConsoleApplication1\UI_MainScreen\clsUser.h(189,12): warning C4240: nonstandard extension used: access to 'clsUser::stLoginRegisterRecord' now defined to be 'public', previously it was defined to be 'private'
C:\Users\HP\source\repos\ConsoleApplication1\UI_MainScreen\clsInputValidate.h(195,16): warning C4244: 'initializing': conversion from 'double' to 'float', possible loss of data
C:\Users\HP\source\repos\ConsoleApplication1\UI_MainScreen\clsInputValidate.h(199,26): warning C4244: '=': conversion from 'double' to 'float', possible loss of data
C:\Users\HP\source\repos\ConsoleApplication1\UI_MainScreen\clsBankClient.h(206,12): warning C4240: nonstandard extension used: access to 'clsBankClient::stTrnsferLogRecord' now defined to be 'public', previously it was defined to be 'private'
C:\Users\HP\source\repos\ConsoleApplication1\UI_MainScreen\clsBankClient.h(28,65): warning C4244: 'argument': conversion from 'double' to 'float', possible loss of data
C:\Users\HP\source\repos\ConsoleApplication1\UI_MainScreen\clsBankClient.h(162,39): warning C4244: '=': conversion from 'double' to 'float', possible loss of data
C:\Users\HP\source\repos\ConsoleApplication1\UI_MainScreen\clsBankClient.h(163,48): warning C4244: '=': conversion from 'double' to 'float', possible loss of data
C:\Users\HP\source\repos\ConsoleApplication1\UI_MainScreen\clsBankClient.h(164,49): warning C4244: '=': conversion from 'double' to 'float', possible loss of data
C:\Users\HP\source\repos\ConsoleApplication1\UI_MainScreen\clsBankClient.h(421,28): warning C4244: '+=': conversion from 'double' to 'float', possible loss of data
C:\Users\HP\source\repos\ConsoleApplication1\UI_MainScreen\clsBankClient.h(434,32): warning C4244: '-=': conversion from 'double' to 'float', possible loss of data
C:\Users\HP\source\repos\ConsoleApplication1\UI_MainScreen\clsAddNewClientScreen.h(30,66): warning C4244: 'argument': conversion from 'double' to 'float', possible loss of data
C:\Users\HP\source\repos\ConsoleApplication1\UI_MainScreen\clsUpdateClientScreen.h(47,66): warning C4244: 'argument': conversion from 'double' to 'float', possible loss of data
C:\Users\HP\source\repos\ConsoleApplication1\UI_MainScreen\clsTotalBalancesScreen.h(57,82): warning C4244: 'argument': conversion from 'double' to 'int', possible loss of data
C:\Users\HP\source\repos\ConsoleApplication1\UI_MainScreen\clsTransferScreen.h(42,51): warning C4244: '=': conversion from 'double' to 'float', possible loss of data
C:\Users\HP\source\repos\ConsoleApplication1\UI_MainScreen\clsTransferScreen.h(47,53): warning C4244: '=': conversion from 'double' to 'float', possible loss of data
C:\Users\HP\source\repos\ConsoleApplication1\UI_MainScreen\clsFindCurrencyScreen.h(25,17): warning C4091: 'static ': ignored on left of 'clsFindCurrencyScreen::enFindOptions' when no variable is declared
C:\Users\HP\source\repos\ConsoleApplication1\UI_MainScreen\clsUpdateCurrencyRateScreen.h(17,52): warning C4244: '=': conversion from 'double' to 'float', possible loss of data
C:\Users\HP\source\repos\ConsoleApplication1\UI_MainScreen\clsCurrencyCalculatorScreen.h(18,51): warning C4244: '=': conversion from 'double' to 'float', possible loss of data
C:\Users\HP\source\repos\ConsoleApplication1\UI_MainScreen\clsBankClient.h(376,1): warning C4715: 'clsBankClient::Save': not all control paths return a value
C:\Users\HP\source\repos\ConsoleApplication1\UI_MainScreen\clsBankClient.h(438,1): warning C4715: 'clsBankClient::Withdraw': not all control paths return a value
C:\Users\HP\source\repos\ConsoleApplication1\UI_MainScreen\clsUser.h(347,1): warning C4715: 'clsUser::Save': not all control paths return a value
  UI_MainScreen.vcxproj -> C:\Users\HP\source\repos\ConsoleApplication1\x64\Debug\UI_MainScreen.exe
